[gasparellyshow.weebly.com/index.html]
[backblue.gif]
[fade.gif]
[index.html]
[gasparellyshow.weebly.com/uploads/1/0/5/3/105336261/12274624-560508187430083-4594639583113861498-n_orig.jpg]
[gasparellyshow.weebly.com/uploads/1/0/5/3/105336261/12573879-577103325770569-4406401591942366928-n_orig.jpg]
[gasparellyshow.weebly.com/uploads/1/0/5/3/105336261/badge-1_1_orig.png]
[gasparellyshow.weebly.com/uploads/1/0/5/3/105336261/badge-1-copy_1_orig.png]
[cdn2.editmysite.com/css/sitesf167.css]
[cdn2.editmysite.com/css/old/fancybox5cdb.css]
[cdn2.editmysite.com/css/social-icons9fb6.css]
[ajax.googleapis.com/ajax/libs/jquery/1.8.3/jquery.min.js]
[cdn2.editmysite.com/js/lang/pt/stlc315.js]
[cdn2.editmysite.com/js/site/mainf167.js]
[gasparellyshow.weebly.com/gallery.html]
[gasparellyshow.weebly.com/contact.html]
[gasparellyshow.weebly.com/videos.html]
[www.youtube.com/embed/sUrT5qVQydwf747.html]
[widgetic.com/api/v2/widgets/53f6253e09c7e204038b4567/embed5ba2.html]
[cdn2.editmysite.com/js/site/footerSignup2f5e.js]
[widgetic.com/wbl/js/sdk.js]
[gasparellyshow.weebly.com/files/theme/pluginsd4a8.js]
[gasparellyshow.weebly.com/files/theme/customd4a8.js]
[cdn2.editmysite.com/js/wsnbn/snowday262.js]
[marketplace.editmysite.com/elements/772053444736081596-1.0.0/assets/index.html]
[secure.quantserve.com/quant.js]
[pixel.quantserve.com/pixel/p-0dYLvhSGGqUWo3e86.gif]
[gasparellyshow.weebly.com/index.html]
[cdn2.editmysite.com/fonts/Proxima-Light/267447_4_038c7.woff]
[cdn2.editmysite.com/fonts/Proxima-Light/267447_4_0c118.eot]
[cdn2.editmysite.com/fonts/Proxima-Light/267447_4_038c7.eot]
[cdn2.editmysite.com/fonts/Proxima-Semibold/267447_5_038c7.woff]
[cdn2.editmysite.com/fonts/Proxima-Semibold/267447_5_038c7.eot]
[cdn2.editmysite.com/fonts/Proxima-Semibold/267447_5_0d41d.eot]
[cdn2.editmysite.com/images/util/videojs/white-bar.png]
[cdn2.editmysite.com/fonts/Proxima-Light/267447_4_038c7.ttf]
[cdn2.editmysite.com/images/util/videojs/@2x/white-bar.png]
[cdn2.editmysite.com/images/util/videojs/gradient.png]
[cdn2.editmysite.com/images/util/videojs/@2x/gradient.png]
[cdn2.editmysite.com/sprites/util/videojs-sacae758aa2.png]
[cdn2.editmysite.com/sprites/util/videojs/@2x-s2aff7e7d9a.png]
[cdn2.editmysite.com/images/util/videojs/volume-filled.png]
[cdn2.editmysite.com/images/util/videojs/@2x/volume-filled.png]
[cdn2.editmysite.com/images/util/videojs/volume-mute.png]
[cdn2.editmysite.com/images/util/videojs/@2x/volume-mute.png]
[cdn2.editmysite.com/images/util/videojs/blue-bar.png]
[cdn2.editmysite.com/images/util/videojs/@2x/blue-bar.png]
[cdn2.editmysite.com/images/util/videojs/maximize-icon.png]
[cdn2.editmysite.com/images/util/videojs/@2x/maximize-icon.png]
[cdn2.editmysite.com/images/util/videojs/minimize-icon.png]
[cdn2.editmysite.com/images/util/videojs/@2x/minimize-icon.png]
[cdn2.editmysite.com/images/util/videojs/play-icon.png]
[cdn2.editmysite.com/images/util/videojs/@2x/play-icon.png]
[cdn2.editmysite.com/images/util/videojs/sad-face.png]
[cdn2.editmysite.com/images/util/videojs/@2x/sad-face.png]
[cdn2.editmysite.com/images/util/videojs/loading-icon.png]
[cdn2.editmysite.com/fonts/Proxima-Semibold/267447_5_038c7.ttf]
[cdn2.editmysite.com/images/util/videojs/@2x/loading-icon.png]
[cdn2.editmysite.com/images/common/buttons/small_grey.png]
[cdn2.editmysite.com/images/common/buttons/small_blue.png]
[cdn2.editmysite.com/images/old/button/large_grey.png]
[cdn2.editmysite.com/images/common/buttons/large_blue.png]
[cdn2.editmysite.com/images/common/search-light.png]
[cdn2.editmysite.com/images/common/social_icons.png]
[cdn2.editmysite.com/images/common/blog/blog-comment-button.png]
[cdn2.editmysite.com/images/common/blog/blog-comment-header.png]
[cdn2.editmysite.com/images/common/blog/blog-comment-pointer.png]
[cdn2.editmysite.com/images/common/blog/blog-comment-link.png]
[cdn2.editmysite.com/images/common/blog/blog-comment-header-author.png]
[cdn2.editmysite.com/images/common/blog/blog-comment-pointer-author.png]
[cdn2.editmysite.com/images/common/blog/blog-comment-field-bg.png]
[cdn2.editmysite.com/images/common/blog/dark-blog-comment-header.png]
[cdn2.editmysite.com/images/common/blog/dark-blog-comment-pointer.png]
[cdn2.editmysite.com/images/common/blog/dark-blog-comment-header-author.png]
[cdn2.editmysite.com/images/common/blog/dark-blog-comment-pointer-author.png]
[cdn2.editmysite.com/images/common/blog/dark-blog-comment-link.png]
[cdn2.editmysite.com/images/util/general/blank.gif]
[cdn2.editmysite.com/images/common/lightbox/prevlabel.gif]
[cdn2.editmysite.com/images/common/lightbox/nextlabel.gif]
[cdn2.editmysite.com/sprites/util/inputs/checkmarkBox-s7868418152.png]
[cdn2.editmysite.com/sprites/util/inputs/checkmarkBox/@2x-s211a47d318.png]
[cdn2.editmysite.com/images/util/inputs/search-input-bg.jpg]
[cdn2.editmysite.com/images/common/magnifying-glass.png]
[cdn2.editmysite.com/images/common/checkmarks/checkmark-mini.png]
[cdn2.editmysite.com/images/common/checkmarks/@2x/checkmark-mini.png]
[cdn2.editmysite.com/images/common/search-pagination-bg.png]
[cdn2.editmysite.com/images/util/general/top-triangle-000.png]
[cdn2.editmysite.com/images/util/general/bottom-triangle-000.png]
[cdn2.editmysite.com/images/util/general/top-triangle-000@2x.png]
[cdn2.editmysite.com/images/util/general/bottom-triangle-000@2x.png]
[cdn2.editmysite.com/sprites/common/social-icons-s5ea5500bdb.png]
[cdn2.editmysite.com/sprites/common/social-icons/@2x-s0ae7d70c70.png]
[cdn2.editmysite.com/sprites/site/mini-cart-s86c48effae.png]
[cdn2.editmysite.com/sprites/site/mini-cart/@2x-s576cbc3f90.png]
[cdn2.editmysite.com/images/loading.gif]
[cdn2.editmysite.com/sprites/site/mobile/commerce-sdf6d4e852c.png]
[cdn2.editmysite.com/sprites/site/mobile/commerce/@2x-s82f968c453.png]
[cdn2.editmysite.com/images/site/checkout/paypal.png]
[cdn2.editmysite.com/images/site/checkout/@2x/paypal.png]
[cdn2.editmysite.com/images/site/checkout/credit-cards.png]
[cdn2.editmysite.com/images/site/checkout/@2x/credit-cards.png]
[cdn2.editmysite.com/images/site/checkout/print.png]
[cdn2.editmysite.com/images/site/checkout/print@2x.png]
[cdn2.editmysite.com/images/vendor/select2/select2.png]
[cdn2.editmysite.com/images/vendor/select2/select2-spinner.gif]
[cdn2.editmysite.com/images/vendor/select2/select2x2.png]
[cdn2.editmysite.com/images/util/spinner/spinner-dark.png]
[cdn2.editmysite.com/images/util/spinner/spinner-light.png]
[cdn2.editmysite.com/images/util/loading-white-w24.gif]
[cdn2.editmysite.com/images/common/form_input_bg.gif]
[cdn2.editmysite.com/sprites/site/forms-s3786257308.png]
[cdn2.editmysite.com/sprites/site/forms/@2x-s47607b315a.png]
[cdn2.editmysite.com/images/blank.gif]
[cdn2.editmysite.com/sprites/site/footer-s48158ed9f7.png]
[cdn2.editmysite.com/sprites/site/footer/@2x-s398696b4d5.png]
[cdn2.editmysite.com/images/old/photoswipe/loader.gif]
[cdn2.editmysite.com/images/old/photoswipe/error.gif]
[cdn2.editmysite.com/images/old/photoswipe/icons.png]
[cdn2.editmysite.com/images/old/photoswipe/icons@2x.png]
[cdn2.editmysite.com/css/sitesf167.css]
[cdn2.editmysite.com/images/old/fancybox/fancybox_sprite.png]
[cdn2.editmysite.com/images/old/fancybox/fancybox_loading.gif]
[cdn2.editmysite.com/images/old/fancybox/blank.gif]
[cdn2.editmysite.com/images/old/fancybox/fancybox_overlay.png]
[cdn2.editmysite.com/css/old/fancybox5cdb.css]
[cdn2.editmysite.com/fonts/wSocial/wsocial62d5.eot]
[cdn2.editmysite.com/css/social-icons9fb6.css]
[gasparellyshow.weebly.com/files/theme/fonts/17c55b27-e9ab-43cd-b948-d49f97480d68d41d.eot]
[gasparellyshow.weebly.com/files/theme/fonts/2e3f5cb9-101f-46cf-a7b3-dfaa58261e03d9d0.woff2]
[gasparellyshow.weebly.com/files/theme/fonts/fa19948e-5e38-4909-b31e-41acd170d6f2d9d0.woff]
[gasparellyshow.weebly.com/files/theme/fonts/6de0ce4d-9278-467b-b96f-c1f5f0a4c375d9d0.ttf]
[gasparellyshow.weebly.com/files/theme/fonts/8b498c39-fabe-4789-bb81-5e37c9ecddd3d41d.eot]
[gasparellyshow.weebly.com/files/theme/fonts/1c6c1881-23c9-4d6a-a018-759d1c9ded15d9d0.woff2]
[gasparellyshow.weebly.com/files/theme/fonts/f0d655c5-a88a-49ad-bb29-f3b5cca41731d9d0.woff]
[gasparellyshow.weebly.com/files/theme/fonts/3a561c83-40d4-4868-8255-e8455eb009c4d9d0.ttf]
[gasparellyshow.weebly.com/files/theme/fonts/e9167238-3b3f-4813-a04a-a384394eed42d41d.eot]
[gasparellyshow.weebly.com/files/theme/fonts/2cd55546-ec00-4af9-aeca-4a3cd186da53d9d0.woff2]
[gasparellyshow.weebly.com/files/theme/fonts/1e9892c0-6927-4412-9874-1b82801ba47ad9d0.woff]
[gasparellyshow.weebly.com/files/theme/fonts/46cf1067-688d-4aab-b0f7-bd942af6efd8d9d0.ttf]
[gasparellyshow.weebly.com/files/theme/fonts/d1fddef1-d940-4904-8f6c-17e809462301d41d.eot]
[gasparellyshow.weebly.com/files/theme/fonts/7377dbe6-f11a-4a05-b33c-bc8ce1f60f84d9d0.woff2]
[gasparellyshow.weebly.com/files/theme/fonts/92b66dbd-4201-4ac2-a605-4d4ffc8705ccd9d0.woff]
[gasparellyshow.weebly.com/files/theme/fonts/18839597-afa8-4f0b-9abb-4a30262d0da8d9d0.ttf]
[gasparellyshow.weebly.com/files/theme/fonts/1a7c9181-cd24-4943-a9d9-d033189524e0d41d.eot]
[gasparellyshow.weebly.com/files/theme/fonts/627fbb5a-3bae-4cd9-b617-2f923e29d55ed9d0.woff2]
[gasparellyshow.weebly.com/files/theme/fonts/f26faddb-86cc-4477-a253-1e1287684336d9d0.woff]
[gasparellyshow.weebly.com/files/theme/fonts/63a74598-733c-4d0c-bd91-b01bffcd6e69d9d0.ttf]
[gasparellyshow.weebly.com/files/theme/fonts/77a9cdce-ea6a-4f94-95df-e6a54555545ed41d.eot]
[gasparellyshow.weebly.com/files/theme/fonts/3f380a53-50ea-4a62-95c5-d5d8dba03ab8d9d0.woff2]
[gasparellyshow.weebly.com/files/theme/fonts/8344e877-560d-44d4-82eb-9822766676f9d9d0.woff]
[gasparellyshow.weebly.com/files/theme/fonts/b28b01d9-78c5-46c6-a30d-9a62c8f407c5d9d0.ttf]
[gasparellyshow.weebly.com/files/theme/images/default-bgd9d0.jpg]
[gasparellyshow.weebly.com/files/main_styled9d0.css]
[fonts.googleapis.com/css30e8.css]
[fonts.googleapis.com/css0bad.css]
[fonts.googleapis.com/css87e7.css]
[cdn1.editmysite.com/index.html]
[cdn2.editmysite.com/index.html]
[cdn2.editmysite.com/js/lang/pt/stlc315.js]
[www.google-analytics.com/__utmcb31.gif]
[cdn2.editmysite.com/js/site/mainf167.js]
[gasparellyshow.weebly.com/uploads/1/0/5/3/105336261/published/12507330-575224589291776-6649380634375516418-n7c6b.jpg]
[gasparellyshow.weebly.com/uploads/1/0/5/3/105336261/14516385-191350201288833-4701706414745788509-n_orig.jpg]
[gasparellyshow.weebly.com/uploads/1/0/5/3/105336261/img-20161228-wa0009_orig.jpg]
[gasparellyshow.weebly.com/uploads/1/0/5/3/105336261/img-20161228-wa0007_orig.jpg]
[gasparellyshow.weebly.com/uploads/1/0/5/3/105336261/img-20161228-wa0032_orig.jpg]
[gasparellyshow.weebly.com/uploads/1/0/5/3/105336261/gray-line_2_orig.png]
[gasparellyshow.weebly.com/gallery.html]
[gasparellyshow.weebly.com/contact.html]
[gasparellyshow.weebly.com/videos.html]
[gasparellyshow.weebly.com/_/uploads/1/0/5/3/105336261/background-images/2128206391.html]
[www.youtube.com/embed/VrQ7Jb-bvigf747.html]
[www.youtube.com/embed/BqgUN9K73_sf747.html]
[www.youtube.com/yts/img/ringo/hitchhiker/logo_small_2x-vfl4_cFqn.png]
[www.youtube.com/yts/img/ringo/hitchhiker/logo_youtube_red_2x-vflOSHA_n.png]
[www.youtube.com/yts/img/ringo/hitchhiker/yt_play_logo_2x-vflXx5Pg3.png]
[www.youtube.com/yts/jsbin/www-embed-player-vfl-6M9vZ/www-embed-player.js]
[www.youtube.com/yts/jsbin/player-vflcAIVzv/pt_BR/base.js]
[www.youtube.com/embed/sUrT5qVQydwf747.html]
[gasparellyshow.weebly.com/_/uploads/1/0/5/3/105336261/background-images/203560039.html]
[widgetic.com/sdk/sdk.js]
[widgetic.com/api/v2/widgets/53f6253e09c7e204038b4567/embed5ba2.html]
[widgetic.com/bundles/blogvioapp/js/editor/control.js]
[marketplace.editmysite.com/elements/772053444736081596-1.0.0/assets/index.html]
[cdn2.editmysite.com/js/site/footerSignup2f5e.js]
[cdn2.editmysite.com/js/wsnbn/snowday262.js]
[secure.quantserve.com/quant.js]
[fast.fonts.net/t/12ef0.css]
[gasparellyshow.weebly.com/files/theme/fonts/9fd4ea0c-b19a-4b21-9fdf-37045707dd78.svg]
[gasparellyshow.weebly.com/files/theme/fonts/3966f856-9dcf-48e7-88e7-7400f1b7d619.svg]
[gasparellyshow.weebly.com/files/theme/fonts/52a192b1-bea5-4b48-879f-107f009b666f.svg]
[gasparellyshow.weebly.com/files/theme/fonts/1de7e6f4-9d4d-47e7-ab23-7d5cf10ab585.svg]
[gasparellyshow.weebly.com/files/theme/fonts/a89d6ad1-a04f-4a8f-b140-e55478dbea80.svg]
[gasparellyshow.weebly.com/files/theme/fonts/ed4d3c45-af64-4992-974b-c37cd12a9570.svg]
[gasparellyshow.weebly.com/files/theme/images/select-dropdownd9d0.svg]
[cdn2.editmysite.com/js/index.html]
[gasparellyshow.weebly.com/Before you execute the binding your view must have a model or a collection.html]
[gasparellyshow.weebly.com/mustache.html]
[gasparellyshow.weebly.com/GET.html]
[gasparellyshow.weebly.com/formSubmit.html]
[gasparellyshow.weebly.com/formSubmitAjax.html]
[gasparellyshow.weebly.com/weebly/libraries/videojs/video-js.html]
[gasparellyshow.weebly.com/AppleWebKit/index.html]
[gasparellyshow.weebly.com/Mobile/index.html]
[gasparellyshow.weebly.com/_/uploads/1/0/5/3/105336261/background-images/832130931.html]
[www.youtube.com/embed/VrQ7Jb-bvigf747.html]
[www.youtube.com/embed/BqgUN9K73_sf747.html]
[s.ytimg.com/yts/imgbin/www-hitchhiker-vfl-Nn88d.png]
[www.youtube.com/yts/cssbin/www-player-vflsHI_RW.css]
[www.youtube.com/img/meh7.html]
[gasparellyshow.weebly.com/ABCDEFGHIJKLMNOPQRSTUVWXYZabcdefghijklmnopqrstuvwxyz0123456789+/index.html]
[gasparellyshow.weebly.com/payload.html]
[gasparellyshow.weebly.com/POST.html]
